[2017-08-16 22:19:23,390] Making new env: CartPole-v0
gp_pole.py:154: RuntimeWarning: divide by zero encountered in double_scalars
  return left / right
gp_pole.py:154: RuntimeWarning: invalid value encountered in double_scalars
  return left / right
<string>:1: RuntimeWarning: invalid value encountered in double_scalars
/usr/local/lib/python3.5/site-packages/deap/creator.py:141: RuntimeWarning: A class named 'FitnessMax' has already been created and it will be overwritten. Consider deleting previous creation of that class or rename it.
  RuntimeWarning)
/usr/local/lib/python3.5/site-packages/deap/creator.py:141: RuntimeWarning: A class named 'Individual' has already been created and it will be overwritten. Consider deleting previous creation of that class or rename it.
  RuntimeWarning)
<string>:1: RuntimeWarning: invalid value encountered in double_scalars
Average accepted score: 61.40922190201729
Median score for accepted scores: 58.0
Counter({50.0: 37, 51.0: 28, 52.0: 26, 58.0: 23, 55.0: 18, 53.0: 17, 57.0: 14, 60.0: 14, 56.0: 13, 61.0: 13, 54.0: 12, 62.0: 10, 64.0: 10, 65.0: 9, 68.0: 9, 59.0: 8, 63.0: 7, 67.0: 6, 70.0: 6, 71.0: 6, 73.0: 5, 74.0: 5, 75.0: 4, 76.0: 4, 77.0: 4, 80.0: 4, 84.0: 4, 66.0: 3, 72.0: 3, 82.0: 3, 86.0: 3, 83.0: 2, 89.0: 2, 93.0: 2, 69.0: 1, 79.0: 1, 85.0: 1, 88.0: 1, 92.0: 1, 96.0: 1, 100.0: 1, 101.0: 1, 102.0: 1, 104.0: 1, 114.0: 1, 123.0: 1, 125.0: 1})
>> Cart Pole Balancing - GP: 
>> Fim da execucao (19201.205925941467 segundos)


>>>>>
greater(add(mul(mul(x, x), neg(sub(x, add(-10.0, theta)))), sub(p_div(add(-10.0, theta), p_div(1.0, -1.0)), neg(mul(neg(theta), mul(-10.0, 2.0))))), sub(neg(neg(sub(x, add(-10.0, theta)))), mul(neg(theta_), p_div(neg(add(mul(2.0, neg(neg(add(x, mul(1.0, -2.0))))), p_div(p_div(neg(neg(add(neg(10.0), mul(1.0, neg(mul(neg(theta), -10.0)))))), neg(10.0)), 2.0))), p_div(mul(1.0, -1.0), 1.0)))))
>>>>>

Average accepted score: 61.95043731778426
Median score for accepted scores: 58.0
Counter({50.0: 28, 52.0: 28, 51.0: 25, 54.0: 23, 53.0: 22, 55.0: 17, 60.0: 14, 59.0: 13, 56.0: 12, 62.0: 12, 57.0: 11, 61.0: 11, 58.0: 10, 63.0: 9, 70.0: 9, 65.0: 8, 66.0: 8, 67.0: 7, 72.0: 7, 68.0: 6, 64.0: 5, 71.0: 5, 79.0: 4, 82.0: 4, 83.0: 4, 69.0: 3, 77.0: 3, 81.0: 3, 95.0: 3, 96.0: 3, 74.0: 2, 76.0: 2, 78.0: 2, 84.0: 2, 93.0: 2, 97.0: 2, 136.0: 1, 75.0: 1, 80.0: 1, 85.0: 1, 86.0: 1, 87.0: 1, 88.0: 1, 89.0: 1, 90.0: 1, 91.0: 1, 101.0: 1, 102.0: 1, 104.0: 1, 125.0: 1})
>> Cart Pole Balancing - GP: 
>> Fim da execucao (17893.435613155365 segundos)


>>>>>
move_to_right(less(add(p_div(10.0, sub(sub(-10.0, theta_), theta_)), neg(neg(theta))), 1.0))
>>>>>

Average Score: 200.0
choice 1:0.5  choice 0:0.5
50
