[2017-08-16 22:20:32,445] Making new env: CartPole-v0
gp_pole3.py:154: RuntimeWarning: divide by zero encountered in double_scalars
  return left / right
gp_pole3.py:154: RuntimeWarning: invalid value encountered in double_scalars
  return left / right
<string>:1: RuntimeWarning: invalid value encountered in double_scalars
/usr/local/lib/python3.5/site-packages/deap/creator.py:141: RuntimeWarning: A class named 'FitnessMax' has already been created and it will be overwritten. Consider deleting previous creation of that class or rename it.
  RuntimeWarning)
/usr/local/lib/python3.5/site-packages/deap/creator.py:141: RuntimeWarning: A class named 'Individual' has already been created and it will be overwritten. Consider deleting previous creation of that class or rename it.
  RuntimeWarning)
<string>:1: RuntimeWarning: invalid value encountered in double_scalars
Average accepted score: 62.31025641025641
Median score for accepted scores: 58.0
Counter({50.0: 37, 53.0: 35, 52.0: 28, 51.0: 24, 54.0: 24, 60.0: 15, 61.0: 15, 56.0: 14, 57.0: 14, 68.0: 14, 55.0: 13, 65.0: 13, 59.0: 12, 67.0: 11, 58.0: 10, 66.0: 9, 71.0: 9, 62.0: 8, 64.0: 8, 72.0: 8, 70.0: 5, 89.0: 5, 63.0: 4, 69.0: 4, 97.0: 4, 74.0: 3, 76.0: 3, 78.0: 3, 85.0: 3, 86.0: 3, 73.0: 2, 75.0: 2, 77.0: 2, 79.0: 2, 83.0: 2, 88.0: 2, 80.0: 1, 82.0: 1, 84.0: 1, 90.0: 1, 91.0: 1, 93.0: 1, 94.0: 1, 95.0: 1, 96.0: 1, 98.0: 1, 99.0: 1, 101.0: 1, 103.0: 1, 107.0: 1, 108.0: 1, 113.0: 1, 114.0: 1, 115.0: 1, 122.0: 1, 126.0: 1})
>> Cart Pole Balancing - GP: 
>> Fim da execucao (19517.184801340103 segundos)


>>>>>
less(sub(add(mul(theta, -2.0), 1.0), theta), sub(add(theta, 1.0), sub(sub(neg(theta_), theta), theta)))
>>>>>

Average accepted score: 61.23684210526316
Median score for accepted scores: 57.5
Counter({50.0: 28, 51.0: 25, 55.0: 24, 52.0: 21, 53.0: 21, 54.0: 18, 56.0: 17, 57.0: 17, 58.0: 14, 59.0: 14, 60.0: 13, 62.0: 12, 63.0: 10, 64.0: 10, 61.0: 9, 67.0: 8, 69.0: 8, 79.0: 7, 75.0: 6, 68.0: 5, 65.0: 4, 74.0: 4, 86.0: 4, 66.0: 3, 71.0: 3, 72.0: 3, 73.0: 3, 77.0: 3, 89.0: 3, 70.0: 2, 76.0: 2, 78.0: 2, 82.0: 2, 83.0: 2, 85.0: 2, 80.0: 1, 81.0: 1, 87.0: 1, 88.0: 1, 93.0: 1, 94.0: 1, 95.0: 1, 96.0: 1, 98.0: 1, 99.0: 1, 101.0: 1, 109.0: 1, 125.0: 1})
>> Cart Pole Balancing - GP: 
>> Fim da execucao (19399.586069107056 segundos)


>>>>>
less(sub(mul(sub(mul(add(2.0, -2.0), mul(-10.0, -2.0)), add(neg(2.0), mul(2.0, -1.0))), neg(add(theta, -2.0))), neg(-1.0)), sub(-2.0, sub(add(neg(add(2.0, sub(-1.0, theta_))), sub(add(theta, -2.0), sub(-10.0, p_div(2.0, -1.0)))), neg(mul(-2.0, theta)))))
>>>>>

Average Score: 200.0
choice 1:0.499  choice 0:0.501
50
