[2017-08-16 22:19:52,383] Making new env: CartPole-v0
gp_pole1.py:154: RuntimeWarning: divide by zero encountered in double_scalars
  return left / right
gp_pole1.py:154: RuntimeWarning: invalid value encountered in double_scalars
  return left / right
<string>:1: RuntimeWarning: invalid value encountered in double_scalars
/usr/local/lib/python3.5/site-packages/deap/creator.py:141: RuntimeWarning: A class named 'FitnessMax' has already been created and it will be overwritten. Consider deleting previous creation of that class or rename it.
  RuntimeWarning)
/usr/local/lib/python3.5/site-packages/deap/creator.py:141: RuntimeWarning: A class named 'Individual' has already been created and it will be overwritten. Consider deleting previous creation of that class or rename it.
  RuntimeWarning)
<string>:1: RuntimeWarning: invalid value encountered in double_scalars
Average accepted score: 60.326470588235296
Median score for accepted scores: 57.0
Counter({50.0: 36, 52.0: 32, 51.0: 22, 53.0: 22, 55.0: 18, 61.0: 17, 54.0: 16, 56.0: 14, 58.0: 13, 64.0: 12, 57.0: 12, 60.0: 12, 63.0: 12, 62.0: 10, 66.0: 9, 67.0: 8, 59.0: 8, 65.0: 6, 70.0: 6, 71.0: 5, 82.0: 5, 93.0: 5, 69.0: 4, 68.0: 3, 72.0: 3, 75.0: 3, 76.0: 3, 77.0: 3, 73.0: 2, 74.0: 2, 78.0: 2, 79.0: 2, 81.0: 2, 85.0: 2, 88.0: 2, 84.0: 1, 86.0: 1, 87.0: 1, 90.0: 1, 91.0: 1, 100.0: 1, 106.0: 1})
>> Cart Pole Balancing - GP: 
>> Fim da execucao (17367.852912187576 segundos)


>>>>>
move_to_left(less(sub(sub(10.0, sub(neg(theta), theta_)), p_div(add(x_, theta), -2.0)), 10.0))
>>>>>

Average accepted score: 61.1875
Median score for accepted scores: 57.0
Counter({50.0: 32, 52.0: 27, 53.0: 26, 56.0: 26, 51.0: 20, 54.0: 19, 57.0: 19, 55.0: 18, 58.0: 15, 59.0: 13, 65.0: 13, 61.0: 12, 66.0: 12, 62.0: 11, 69.0: 11, 60.0: 9, 63.0: 9, 64.0: 8, 67.0: 7, 76.0: 6, 70.0: 5, 71.0: 4, 79.0: 4, 85.0: 4, 72.0: 3, 74.0: 3, 78.0: 3, 89.0: 3, 68.0: 2, 77.0: 2, 83.0: 2, 87.0: 2, 97.0: 2, 73.0: 1, 75.0: 1, 80.0: 1, 81.0: 1, 82.0: 1, 84.0: 1, 86.0: 1, 92.0: 1, 94.0: 1, 100.0: 1, 103.0: 1, 107.0: 1, 112.0: 1, 113.0: 1, 114.0: 1, 120.0: 1})
>> Cart Pole Balancing - GP: 
>> Fim da execucao (18101.476233005524 segundos)


>>>>>
less(sub(sub(sub(sub(1.0, theta), theta), theta), theta), add(theta_, add(neg(-1.0), theta)))
>>>>>

Average Score: 200.0
choice 1:0.5005  choice 0:0.4995
50
