[2017-08-16 22:20:19,750] Making new env: CartPole-v0
gp_pole2.py:154: RuntimeWarning: divide by zero encountered in double_scalars
  return left / right
gp_pole2.py:154: RuntimeWarning: invalid value encountered in double_scalars
  return left / right
<string>:1: RuntimeWarning: invalid value encountered in double_scalars
[2017-08-17 03:27:30,987] You are calling 'step()' even though this environment has already returned done = True. You should always call 'reset()' once you receive 'done = True' -- any further steps are undefined behavior.
/usr/local/lib/python3.5/site-packages/deap/creator.py:141: RuntimeWarning: A class named 'FitnessMax' has already been created and it will be overwritten. Consider deleting previous creation of that class or rename it.
  RuntimeWarning)
/usr/local/lib/python3.5/site-packages/deap/creator.py:141: RuntimeWarning: A class named 'Individual' has already been created and it will be overwritten. Consider deleting previous creation of that class or rename it.
  RuntimeWarning)
<string>:1: RuntimeWarning: invalid value encountered in double_scalars
Average accepted score: 61.336158192090394
Median score for accepted scores: 58.0
Counter({50.0: 38, 52.0: 27, 54.0: 23, 53.0: 21, 51.0: 20, 55.0: 16, 56.0: 15, 60.0: 15, 61.0: 15, 57.0: 14, 59.0: 13, 71.0: 13, 58.0: 11, 66.0: 10, 63.0: 9, 62.0: 8, 64.0: 8, 77.0: 7, 65.0: 6, 68.0: 6, 73.0: 6, 74.0: 6, 67.0: 5, 80.0: 5, 69.0: 3, 72.0: 3, 75.0: 3, 70.0: 2, 79.0: 2, 83.0: 2, 87.0: 2, 88.0: 2, 97.0: 2, 106.0: 2, 108.0: 2, 76.0: 1, 81.0: 1, 82.0: 1, 84.0: 1, 85.0: 1, 90.0: 1, 91.0: 1, 93.0: 1, 94.0: 1, 98.0: 1, 102.0: 1, 124.0: 1})
>> Cart Pole Balancing - GP: 
>> Fim da execucao (18426.885140419006 segundos)


>>>>>
greater(mul(neg(-2.0), mul(sub(sub(10.0, x_), neg(theta_)), add(add(1.0, x), add(theta, theta)))), sub(sub(neg(mul(-2.0, theta_)), sub(add(-10.0, 10.0), sub(theta_, theta))), p_div(neg(mul(-10.0, 2.0)), neg(sub(x, 1.0)))))
>>>>>

Average accepted score: 62.45619335347432
Median score for accepted scores: 58.0
Counter({50.0: 28, 51.0: 26, 53.0: 22, 54.0: 21, 52.0: 19, 55.0: 17, 57.0: 15, 56.0: 14, 58.0: 12, 61.0: 12, 60.0: 9, 63.0: 9, 59.0: 8, 62.0: 8, 70.0: 8, 66.0: 7, 74.0: 7, 80.0: 7, 71.0: 6, 73.0: 6, 67.0: 5, 69.0: 5, 72.0: 5, 64.0: 4, 65.0: 4, 68.0: 4, 75.0: 4, 78.0: 4, 77.0: 3, 82.0: 3, 84.0: 3, 88.0: 3, 81.0: 2, 85.0: 2, 94.0: 2, 99.0: 2, 115.0: 2, 76.0: 1, 79.0: 1, 83.0: 1, 86.0: 1, 87.0: 1, 91.0: 1, 93.0: 1, 95.0: 1, 97.0: 1, 103.0: 1, 105.0: 1, 118.0: 1, 124.0: 1})
>> Cart Pole Balancing - GP: 
>> Fim da execucao (18101.1243224144 segundos)


>>>>>
move_to_right(less(-1.0, add(2.0, add(sub(sub(p_div(sub(sub(theta_, x_), p_div(theta, 10.0)), add(-1.0, add(theta, 10.0))), x_), p_div(x_, -10.0)), add(sub(x_, 1.0), theta)))))
>>>>>

Average Score: 200.0
choice 1:0.5005  choice 0:0.4995
50
