[2017-08-16 22:23:01,923] Making new env: CartPole-v0
gp_pole5.py:154: RuntimeWarning: divide by zero encountered in double_scalars
  return left / right
gp_pole5.py:154: RuntimeWarning: invalid value encountered in double_scalars
  return left / right
<string>:1: RuntimeWarning: invalid value encountered in double_scalars
/root/anaconda3/lib/python3.6/site-packages/deap/creator.py:141: RuntimeWarning: A class named 'FitnessMax' has already been created and it will be overwritten. Consider deleting previous creation of that class or rename it.
  RuntimeWarning)
/root/anaconda3/lib/python3.6/site-packages/deap/creator.py:141: RuntimeWarning: A class named 'Individual' has already been created and it will be overwritten. Consider deleting previous creation of that class or rename it.
  RuntimeWarning)
<string>:1: RuntimeWarning: invalid value encountered in double_scalars
<string>:1: RuntimeWarning: invalid value encountered in double_scalars
Average accepted score: 61.18508287292818
Median score for accepted scores: 58.0
Counter({51.0: 29, 55.0: 26, 50.0: 26, 59.0: 26, 58.0: 23, 56.0: 19, 53.0: 19, 52.0: 19, 54.0: 13, 61.0: 12, 62.0: 11, 57.0: 11, 68.0: 11, 63.0: 9, 70.0: 9, 65.0: 9, 67.0: 8, 64.0: 8, 60.0: 8, 72.0: 7, 69.0: 6, 71.0: 6, 80.0: 6, 66.0: 5, 75.0: 4, 74.0: 3, 73.0: 3, 83.0: 3, 87.0: 3, 86.0: 3, 81.0: 2, 79.0: 2, 82.0: 2, 76.0: 2, 89.0: 1, 132.0: 1, 92.0: 1, 77.0: 1, 140.0: 1, 84.0: 1, 112.0: 1, 85.0: 1, 102.0: 1})
>> Cart Pole Balancing - GP: 
>> Fim da execucao (21806.447497606277 segundos)


>>>>>
greater(sub(1.0, sub(neg(x_), sub(sub(mul(neg(-2.0), mul(p_div(sub(theta, 1.0), neg(1.0)), sub(sub(theta_, neg(neg(1.0))), -2.0))), 2.0), neg(theta)))), sub(-2.0, add(mul(neg(x), sub(-2.0, neg(sub(mul(neg(-2.0), mul(p_div(sub(theta, 1.0), neg(1.0)), sub(sub(theta_, neg(neg(1.0))), theta))), theta_)))), mul(add(theta, sub(1.0, sub(neg(x_), sub(sub(mul(neg(-2.0), sub(sub(theta_, neg(neg(1.0))), -2.0)), 2.0), neg(theta))))), -1.0))))
>>>>>

Average accepted score: 61.01497005988024
Median score for accepted scores: 58.0
Counter({50.0: 36, 51.0: 25, 52.0: 24, 55.0: 19, 53.0: 19, 54.0: 17, 58.0: 17, 56.0: 13, 63.0: 12, 59.0: 12, 61.0: 11, 64.0: 10, 57.0: 10, 62.0: 9, 65.0: 9, 68.0: 8, 72.0: 8, 66.0: 8, 71.0: 7, 67.0: 7, 77.0: 5, 69.0: 4, 70.0: 4, 60.0: 4, 87.0: 3, 80.0: 3, 79.0: 3, 73.0: 3, 88.0: 2, 74.0: 2, 84.0: 2, 76.0: 2, 75.0: 2, 78.0: 2, 114.0: 1, 94.0: 1, 85.0: 1, 83.0: 1, 107.0: 1, 93.0: 1, 99.0: 1, 104.0: 1, 103.0: 1, 96.0: 1, 89.0: 1, 115.0: 1})
>> Cart Pole Balancing - GP: 
>> Fim da execucao (19030.935976982117 segundos)


>>>>>
less(add(-2.0, add(theta_, add(sub(add(theta, theta), mul(-2.0, theta)), theta))), -2.0)
>>>>>

Average accepted score: 60.81120943952802
Median score for accepted scores: 58.0
Counter({50.0: 34, 55.0: 24, 51.0: 22, 54.0: 20, 59.0: 17, 52.0: 17, 53.0: 16, 57.0: 15, 56.0: 14, 63.0: 13, 58.0: 13, 61.0: 12, 60.0: 11, 66.0: 9, 65.0: 9, 64.0: 9, 62.0: 8, 70.0: 7, 68.0: 6, 75.0: 6, 73.0: 6, 67.0: 5, 71.0: 5, 69.0: 5, 74.0: 4, 78.0: 4, 76.0: 3, 79.0: 3, 72.0: 3, 77.0: 2, 80.0: 2, 81.0: 2, 89.0: 2, 88.0: 2, 102.0: 1, 97.0: 1, 84.0: 1, 90.0: 1, 94.0: 1, 112.0: 1, 109.0: 1, 93.0: 1, 82.0: 1})
>> Cart Pole Balancing - GP: 
>> Fim da execucao (19256.184534549713 segundos)


>>>>>
move_to_left(less(neg(sub(mul(-1.0, theta_), 1.0)), mul(add(1.0, x), sub(mul(sub(mul(theta, -2.0), neg(add(1.0, x))), -2.0), neg(add(1.0, x))))))
>>>>>

Average Score: 133.3
choice 1:0.5071267816954238  choice 0:0.49287321830457614
50
