[2017-08-16 22:23:11,891] Making new env: CartPole-v0
gp_pole6.py:154: RuntimeWarning: divide by zero encountered in double_scalars
  return left / right
gp_pole6.py:154: RuntimeWarning: invalid value encountered in double_scalars
  return left / right
<string>:1: RuntimeWarning: invalid value encountered in double_scalars
/root/anaconda3/lib/python3.6/site-packages/deap/creator.py:141: RuntimeWarning: A class named 'FitnessMax' has already been created and it will be overwritten. Consider deleting previous creation of that class or rename it.
  RuntimeWarning)
/root/anaconda3/lib/python3.6/site-packages/deap/creator.py:141: RuntimeWarning: A class named 'Individual' has already been created and it will be overwritten. Consider deleting previous creation of that class or rename it.
  RuntimeWarning)
<string>:1: RuntimeWarning: invalid value encountered in double_scalars
<string>:1: RuntimeWarning: invalid value encountered in double_scalars
<string>:1: RuntimeWarning: invalid value encountered in double_scalars
<string>:1: RuntimeWarning: invalid value encountered in double_scalars
Average accepted score: 62.101694915254235
Median score for accepted scores: 59.0
Counter({50.0: 25, 51.0: 24, 52.0: 24, 58.0: 20, 55.0: 19, 61.0: 17, 60.0: 17, 54.0: 16, 56.0: 15, 59.0: 14, 57.0: 13, 53.0: 13, 62.0: 13, 65.0: 11, 63.0: 11, 64.0: 9, 67.0: 9, 66.0: 8, 73.0: 6, 74.0: 6, 69.0: 6, 68.0: 6, 86.0: 5, 71.0: 4, 76.0: 4, 70.0: 4, 81.0: 4, 84.0: 3, 95.0: 2, 72.0: 2, 89.0: 2, 92.0: 2, 91.0: 2, 75.0: 2, 97.0: 2, 79.0: 2, 104.0: 1, 93.0: 1, 137.0: 1, 105.0: 1, 82.0: 1, 90.0: 1, 83.0: 1, 77.0: 1, 126.0: 1, 99.0: 1, 80.0: 1, 85.0: 1})
>> Cart Pole Balancing - GP: 
>> Fim da execucao (21135.403715848923 segundos)


>>>>>
less(-10.0, sub(-10.0, add(theta_, mul(p_div(sub(2.0, sub(-1.0, x_)), mul(add(10.0, p_div(x_, -1.0)), neg(p_div(1.0, theta)))), add(theta_, add(theta_, -10.0))))))
>>>>>

Average accepted score: 61.10422535211268
Median score for accepted scores: 57.0
Counter({53.0: 31, 50.0: 29, 54.0: 26, 51.0: 25, 52.0: 24, 56.0: 22, 55.0: 19, 58.0: 18, 59.0: 12, 57.0: 12, 67.0: 12, 61.0: 11, 62.0: 10, 65.0: 9, 69.0: 9, 63.0: 7, 60.0: 6, 71.0: 5, 66.0: 5, 77.0: 5, 81.0: 4, 82.0: 4, 80.0: 4, 70.0: 3, 75.0: 3, 73.0: 3, 68.0: 3, 76.0: 3, 78.0: 3, 83.0: 2, 103.0: 2, 64.0: 2, 72.0: 2, 94.0: 2, 84.0: 2, 90.0: 2, 79.0: 2, 85.0: 1, 122.0: 1, 98.0: 1, 116.0: 1, 95.0: 1, 93.0: 1, 86.0: 1, 91.0: 1, 108.0: 1, 102.0: 1, 87.0: 1, 74.0: 1})
>> Cart Pole Balancing - GP: 
>> Fim da execucao (22029.4193546772 segundos)


>>>>>
move_to_right(greater(add(sub(p_div(mul(theta_, -1.0), neg(add(2.0, theta))), add(mul(theta, 2.0), theta_)), neg(p_div(-10.0, -10.0))), p_div(10.0, sub(add(sub(theta, add(mul(theta, 2.0), 2.0)), neg(p_div(-10.0, -10.0))), add(add(-1.0, sub(theta, p_div(1.0, 1.0))), neg(add(theta_, add(sub(-10.0, -1.0), x_))))))))
>>>>>

Average accepted score: 61.69942196531792
Median score for accepted scores: 58.0
Counter({50.0: 38, 51.0: 25, 52.0: 22, 55.0: 21, 58.0: 18, 53.0: 16, 54.0: 14, 56.0: 14, 60.0: 13, 59.0: 13, 57.0: 12, 62.0: 12, 61.0: 11, 68.0: 10, 63.0: 9, 76.0: 8, 64.0: 7, 72.0: 7, 65.0: 6, 73.0: 6, 66.0: 6, 70.0: 5, 75.0: 5, 71.0: 5, 69.0: 5, 67.0: 3, 79.0: 3, 80.0: 3, 78.0: 2, 110.0: 2, 88.0: 2, 90.0: 2, 86.0: 2, 83.0: 1, 96.0: 1, 95.0: 1, 77.0: 1, 91.0: 1, 111.0: 1, 92.0: 1, 94.0: 1, 82.0: 1, 84.0: 1, 107.0: 1, 97.0: 1, 89.0: 1, 81.0: 1, 74.0: 1, 85.0: 1, 93.0: 1, 123.0: 1, 104.0: 1})
>> Cart Pole Balancing - GP: 
>> Fim da execucao (19352.312620401382 segundos)


>>>>>
move_to_left(less(add(p_div(p_div(-1.0, sub(-10.0, add(add(p_div(x_, -2.0), sub(add(p_div(x_, sub(add(p_div(x_, sub(add(p_div(x_, -2.0), -2.0), theta_)), sub(add(p_div(x_, -2.0), -2.0), theta_)), theta_)), -2.0), theta_)), add(p_div(p_div(x_, -2.0), -2.0), sub(add(p_div(x_, -2.0), -2.0), theta_))))), -10.0), sub(add(p_div(x_, sub(add(p_div(x_, -2.0), -2.0), theta_)), sub(add(p_div(x_, sub(add(p_div(x_, sub(add(p_div(x_, -2.0), -2.0), theta_)), sub(add(p_div(x_, -2.0), -2.0), theta_)), theta_)), -2.0), theta_)), theta_)), -2.0))
>>>>>

Average accepted score: 61.67688022284123
Median score for accepted scores: 59.0
Counter({53.0: 27, 50.0: 26, 52.0: 24, 57.0: 20, 59.0: 18, 54.0: 18, 56.0: 17, 51.0: 17, 55.0: 17, 60.0: 16, 66.0: 15, 58.0: 13, 64.0: 12, 65.0: 11, 68.0: 10, 61.0: 10, 74.0: 8, 78.0: 6, 62.0: 6, 67.0: 6, 81.0: 6, 63.0: 6, 71.0: 5, 72.0: 5, 76.0: 4, 85.0: 4, 69.0: 4, 75.0: 3, 77.0: 3, 92.0: 2, 73.0: 2, 80.0: 2, 82.0: 2, 70.0: 2, 96.0: 1, 89.0: 1, 138.0: 1, 86.0: 1, 79.0: 1, 93.0: 1, 84.0: 1, 94.0: 1, 146.0: 1, 88.0: 1, 87.0: 1, 95.0: 1})
>> Cart Pole Balancing - GP: 
>> Fim da execucao (20518.33837556839 segundos)


>>>>>
less(10.0, add(sub(sub(add(10.0, p_div(add(sub(sub(add(10.0, p_div(theta_, 1.0)), mul(theta, -2.0)), theta), mul(p_div(x, -2.0), mul(p_div(x, -2.0), mul(p_div(x, -2.0), mul(1.0, p_div(theta, 1.0)))))), 1.0)), 10.0), mul(theta, p_div(-2.0, 1.0))), mul(p_div(x, -2.0), 1.0)))
>>>>>

Average accepted score: 61.1644204851752
Median score for accepted scores: 58.0
Counter({50.0: 30, 52.0: 26, 51.0: 26, 54.0: 25, 53.0: 24, 56.0: 19, 58.0: 16, 60.0: 15, 55.0: 15, 70.0: 14, 61.0: 14, 57.0: 14, 59.0: 12, 62.0: 12, 63.0: 10, 64.0: 9, 73.0: 7, 77.0: 7, 69.0: 6, 65.0: 6, 66.0: 6, 72.0: 6, 75.0: 5, 67.0: 5, 76.0: 4, 68.0: 4, 74.0: 4, 78.0: 4, 71.0: 3, 80.0: 3, 94.0: 2, 83.0: 2, 100.0: 2, 79.0: 2, 115.0: 1, 90.0: 1, 103.0: 1, 82.0: 1, 118.0: 1, 93.0: 1, 95.0: 1, 85.0: 1, 91.0: 1, 88.0: 1, 98.0: 1, 86.0: 1})
>> Cart Pole Balancing - GP: 
>> Fim da execucao (19940.53753232956 segundos)


>>>>>
less(add(add(add(neg(add(theta, -1.0)), neg(x)), add(mul(neg(add(add(add(add(neg(add(theta, theta)), add(neg(x), neg(x))), neg(x)), add(mul(-2.0, theta), neg(-1.0))), mul(-2.0, theta))), theta), neg(theta_))), mul(-2.0, theta)), -1.0)
>>>>>

Average Score: 200.0
choice 1:0.5005  choice 0:0.4995
50
