[2017-08-19 22:51:02,298] Making new env: CartPole-v0
gp_pole.py:154: RuntimeWarning: divide by zero encountered in double_scalars
  return left / right
gp_pole.py:154: RuntimeWarning: invalid value encountered in double_scalars
  return left / right
<string>:1: RuntimeWarning: invalid value encountered in double_scalars
/usr/local/lib/python3.5/site-packages/deap/creator.py:141: RuntimeWarning: A class named 'FitnessMax' has already been created and it will be overwritten. Consider deleting previous creation of that class or rename it.
  RuntimeWarning)
/usr/local/lib/python3.5/site-packages/deap/creator.py:141: RuntimeWarning: A class named 'Individual' has already been created and it will be overwritten. Consider deleting previous creation of that class or rename it.
  RuntimeWarning)
<string>:1: RuntimeWarning: invalid value encountered in double_scalars
Average accepted score: 61.60164835164835
Median score for accepted scores: 58.0
Counter({51.0: 29, 50.0: 27, 55.0: 24, 56.0: 21, 57.0: 21, 52.0: 19, 54.0: 19, 59.0: 17, 53.0: 15, 63.0: 14, 65.0: 13, 58.0: 12, 61.0: 12, 62.0: 11, 60.0: 9, 66.0: 9, 68.0: 9, 71.0: 8, 67.0: 7, 78.0: 6, 64.0: 5, 70.0: 5, 76.0: 5, 69.0: 4, 73.0: 4, 72.0: 3, 74.0: 3, 80.0: 3, 81.0: 3, 86.0: 3, 77.0: 2, 79.0: 2, 82.0: 2, 87.0: 2, 93.0: 2, 95.0: 2, 99.0: 2, 75.0: 1, 84.0: 1, 85.0: 1, 91.0: 1, 96.0: 1, 97.0: 1, 104.0: 1, 109.0: 1, 112.0: 1, 127.0: 1})
>> Cart Pole Balancing - GP: 
>> Fim da execucao (32443.631147384644 segundos)


>>>>>
greater(add(mul(p_div(-10.0, -2.0), mul(1.0, theta)), sub(p_div(theta_, p_div(-10.0, -2.0)), mul(-1.0, 2.0))), sub(neg(theta_), -2.0))
>>>>>

Average accepted score: 61.77049180327869
Median score for accepted scores: 58.0
Counter({50.0: 38, 51.0: 30, 53.0: 29, 55.0: 21, 54.0: 20, 60.0: 19, 52.0: 16, 56.0: 16, 62.0: 16, 65.0: 14, 58.0: 10, 64.0: 10, 66.0: 10, 68.0: 10, 59.0: 9, 63.0: 9, 67.0: 9, 61.0: 8, 57.0: 7, 72.0: 6, 74.0: 5, 75.0: 5, 71.0: 4, 69.0: 3, 73.0: 3, 83.0: 3, 88.0: 3, 91.0: 3, 107.0: 3, 70.0: 2, 76.0: 2, 77.0: 2, 85.0: 2, 87.0: 2, 167.0: 1, 78.0: 1, 79.0: 1, 81.0: 1, 82.0: 1, 86.0: 1, 89.0: 1, 90.0: 1, 92.0: 1, 94.0: 1, 99.0: 1, 101.0: 1, 102.0: 1, 111.0: 1, 113.0: 1, 117.0: 1, 123.0: 1})
>> Cart Pole Balancing - GP: 
>> Fim da execucao (32923.659202337265 segundos)


>>>>>
move_to_left(greater(sub(mul(-1.0, mul(p_div(sub(mul(sub(-1.0, theta), mul(p_div(mul(10.0, 2.0), neg(2.0)), mul(neg(theta), sub(1.0, 2.0)))), 2.0), neg(2.0)), 2.0)), 2.0), add(neg(2.0), sub(sub(x, 2.0), mul(theta_, 2.0)))))
>>>>>

Average Score: 200.0
choice 1:0.497  choice 0:0.503
50
