[2017-08-19 22:51:15,331] Making new env: CartPole-v0
gp_pole1.py:154: RuntimeWarning: divide by zero encountered in double_scalars
  return left / right
gp_pole1.py:154: RuntimeWarning: invalid value encountered in double_scalars
  return left / right
<string>:1: RuntimeWarning: invalid value encountered in double_scalars
/usr/local/lib/python3.5/site-packages/deap/creator.py:141: RuntimeWarning: A class named 'FitnessMax' has already been created and it will be overwritten. Consider deleting previous creation of that class or rename it.
  RuntimeWarning)
/usr/local/lib/python3.5/site-packages/deap/creator.py:141: RuntimeWarning: A class named 'Individual' has already been created and it will be overwritten. Consider deleting previous creation of that class or rename it.
  RuntimeWarning)
<string>:1: RuntimeWarning: invalid value encountered in double_scalars
Average accepted score: 60.809248554913296
Median score for accepted scores: 57.0
Counter({53.0: 35, 51.0: 28, 50.0: 25, 54.0: 22, 55.0: 21, 52.0: 18, 58.0: 17, 56.0: 16, 62.0: 14, 57.0: 13, 63.0: 12, 60.0: 10, 61.0: 10, 64.0: 10, 59.0: 9, 68.0: 9, 66.0: 8, 70.0: 7, 75.0: 7, 65.0: 5, 71.0: 5, 72.0: 5, 67.0: 4, 73.0: 3, 77.0: 3, 82.0: 3, 85.0: 3, 74.0: 2, 76.0: 2, 79.0: 2, 83.0: 2, 84.0: 2, 113.0: 2, 69.0: 1, 78.0: 1, 81.0: 1, 86.0: 1, 88.0: 1, 97.0: 1, 102.0: 1, 108.0: 1, 109.0: 1, 112.0: 1, 115.0: 1, 123.0: 1})
>> Cart Pole Balancing - GP: 
>> Fim da execucao (30734.84301829338 segundos)


>>>>>
less(add(mul(neg(theta), neg(add(10.0, 2.0))), neg(sub(sub(neg(neg(10.0)), theta_), theta_))), 10.0)
>>>>>

Average accepted score: 61.336
Median score for accepted scores: 59.0
Counter({52.0: 32, 50.0: 30, 53.0: 24, 54.0: 20, 55.0: 20, 51.0: 19, 56.0: 18, 59.0: 18, 61.0: 15, 60.0: 14, 57.0: 13, 63.0: 13, 62.0: 12, 64.0: 12, 58.0: 11, 66.0: 9, 68.0: 9, 79.0: 8, 65.0: 7, 67.0: 6, 69.0: 6, 71.0: 6, 72.0: 5, 73.0: 5, 74.0: 5, 78.0: 5, 80.0: 5, 84.0: 3, 75.0: 2, 76.0: 2, 81.0: 2, 87.0: 2, 92.0: 2, 102.0: 2, 70.0: 1, 82.0: 1, 83.0: 1, 85.0: 1, 86.0: 1, 88.0: 1, 89.0: 1, 94.0: 1, 96.0: 1, 97.0: 1, 100.0: 1, 103.0: 1, 110.0: 1})
>> Cart Pole Balancing - GP: 
>> Fim da execucao (33707.69735646248 segundos)


>>>>>
move_to_right(less(mul(mul(add(-10.0, 1.0), add(theta, sub(-1.0, p_div(theta_, -2.0)))), sub(-1.0, x)), neg(sub(sub(mul(mul(add(-10.0, -1.0), add(theta, theta)), sub(-1.0, x)), 1.0), sub(-10.0, theta_)))))
>>>>>

Average Score: 138.9
choice 1:0.5104391648668106  choice 0:0.4895608351331893
50
