[2017-08-19 22:51:24,810] Making new env: CartPole-v0
gp_pole2.py:154: RuntimeWarning: divide by zero encountered in double_scalars
  return left / right
gp_pole2.py:154: RuntimeWarning: invalid value encountered in double_scalars
  return left / right
<string>:1: RuntimeWarning: invalid value encountered in double_scalars
/usr/local/lib/python3.5/site-packages/deap/creator.py:141: RuntimeWarning: A class named 'FitnessMax' has already been created and it will be overwritten. Consider deleting previous creation of that class or rename it.
  RuntimeWarning)
/usr/local/lib/python3.5/site-packages/deap/creator.py:141: RuntimeWarning: A class named 'Individual' has already been created and it will be overwritten. Consider deleting previous creation of that class or rename it.
  RuntimeWarning)
<string>:1: RuntimeWarning: invalid value encountered in double_scalars
Average accepted score: 60.3732970027248
Median score for accepted scores: 56.0
Counter({55.0: 32, 52.0: 31, 50.0: 29, 53.0: 28, 54.0: 26, 51.0: 22, 56.0: 21, 63.0: 15, 58.0: 14, 67.0: 13, 59.0: 12, 57.0: 10, 60.0: 10, 61.0: 9, 62.0: 8, 66.0: 8, 68.0: 8, 64.0: 6, 65.0: 6, 69.0: 6, 70.0: 5, 71.0: 4, 73.0: 4, 75.0: 4, 76.0: 4, 78.0: 4, 77.0: 3, 80.0: 2, 81.0: 2, 88.0: 2, 89.0: 2, 94.0: 2, 96.0: 2, 97.0: 2, 138.0: 1, 74.0: 1, 79.0: 1, 82.0: 1, 84.0: 1, 86.0: 1, 87.0: 1, 90.0: 1, 91.0: 1, 101.0: 1, 103.0: 1})
>> Cart Pole Balancing - GP: 
>> Fim da execucao (31738.578493833542 segundos)


>>>>>
move_to_left(less(neg(mul(add(x, sub(add(sub(add(sub(p_div(theta_, sub(sub(add(sub(-1.0, neg(1.0)), sub(-1.0, neg(1.0))), -10.0), theta_)), theta), -1.0), neg(1.0)), theta_), -10.0)), add(sub(p_div(theta_, sub(-10.0, sub(-1.0, neg(1.0)))), theta), -1.0))), 10.0))
>>>>>

Average accepted score: 61.434065934065934
Median score for accepted scores: 58.0
Counter({51.0: 40, 52.0: 28, 50.0: 26, 54.0: 20, 55.0: 17, 56.0: 17, 58.0: 16, 61.0: 16, 57.0: 15, 53.0: 13, 69.0: 13, 60.0: 12, 66.0: 12, 59.0: 9, 64.0: 9, 62.0: 8, 63.0: 7, 67.0: 7, 68.0: 7, 71.0: 7, 73.0: 7, 72.0: 6, 74.0: 5, 65.0: 4, 75.0: 4, 76.0: 3, 77.0: 3, 79.0: 3, 99.0: 3, 78.0: 2, 80.0: 2, 81.0: 2, 83.0: 2, 84.0: 2, 85.0: 2, 87.0: 2, 91.0: 2, 95.0: 2, 97.0: 2, 70.0: 1, 92.0: 1, 93.0: 1, 96.0: 1, 98.0: 1, 107.0: 1, 112.0: 1})
>> Cart Pole Balancing - GP: 
>> Fim da execucao (32261.213004112244 segundos)


>>>>>
move_to_left(greater(neg(sub(-10.0, x_)), p_div(sub(theta_, -10.0), add(neg(1.0), theta))))
>>>>>

Average Score: 197.8
choice 1:0.5020222446916077  choice 0:0.49797775530839233
50
