[2017-08-19 22:52:37,290] Making new env: CartPole-v0
gp_pole5.py:154: RuntimeWarning: divide by zero encountered in double_scalars
  return left / right
gp_pole5.py:154: RuntimeWarning: invalid value encountered in double_scalars
  return left / right
<string>:1: RuntimeWarning: invalid value encountered in double_scalars
/root/anaconda3/lib/python3.6/site-packages/deap/creator.py:141: RuntimeWarning: A class named 'FitnessMax' has already been created and it will be overwritten. Consider deleting previous creation of that class or rename it.
  RuntimeWarning)
/root/anaconda3/lib/python3.6/site-packages/deap/creator.py:141: RuntimeWarning: A class named 'Individual' has already been created and it will be overwritten. Consider deleting previous creation of that class or rename it.
  RuntimeWarning)
<string>:1: RuntimeWarning: invalid value encountered in double_scalars
<string>:1: RuntimeWarning: invalid value encountered in double_scalars
Average accepted score: 61.594086021505376
Median score for accepted scores: 58.0
Counter({50.0: 34, 52.0: 29, 53.0: 27, 51.0: 21, 57.0: 20, 54.0: 20, 59.0: 19, 60.0: 17, 56.0: 15, 55.0: 15, 69.0: 13, 58.0: 12, 62.0: 10, 66.0: 9, 61.0: 9, 63.0: 8, 65.0: 7, 70.0: 6, 68.0: 6, 73.0: 6, 71.0: 6, 67.0: 5, 64.0: 5, 82.0: 5, 83.0: 5, 86.0: 4, 93.0: 4, 72.0: 4, 98.0: 3, 90.0: 3, 80.0: 3, 74.0: 3, 76.0: 3, 79.0: 2, 88.0: 2, 78.0: 2, 77.0: 2, 140.0: 1, 87.0: 1, 81.0: 1, 101.0: 1, 75.0: 1, 92.0: 1, 110.0: 1, 102.0: 1})
>> Cart Pole Balancing - GP: 
>> Fim da execucao (38345.23088026047 segundos)


>>>>>
greater(add(-2.0, p_div(theta_, neg(2.0))), sub(sub(mul(theta, -10.0), -2.0), add(theta_, theta_)))
>>>>>

Average accepted score: 61.44230769230769
Median score for accepted scores: 57.5
Counter({54.0: 33, 51.0: 29, 52.0: 25, 53.0: 23, 50.0: 21, 56.0: 19, 55.0: 16, 57.0: 16, 62.0: 13, 60.0: 12, 58.0: 12, 64.0: 11, 59.0: 11, 61.0: 10, 68.0: 9, 69.0: 9, 63.0: 7, 70.0: 7, 66.0: 7, 65.0: 7, 71.0: 6, 74.0: 6, 67.0: 5, 72.0: 5, 81.0: 5, 77.0: 5, 73.0: 4, 79.0: 3, 83.0: 3, 75.0: 3, 108.0: 2, 86.0: 2, 96.0: 2, 93.0: 2, 82.0: 2, 88.0: 1, 105.0: 1, 97.0: 1, 127.0: 1, 104.0: 1, 78.0: 1, 80.0: 1, 111.0: 1, 90.0: 1, 85.0: 1, 76.0: 1, 84.0: 1})
>> Cart Pole Balancing - GP: 
>> Fim da execucao (38071.211953401566 segundos)


>>>>>
greater(neg(add(mul(theta, neg(neg(10.0))), sub(add(x_, sub(theta_, -10.0)), mul(x_, neg(-2.0))))), 10.0)
>>>>>

Average accepted score: 61.79389312977099
Median score for accepted scores: 58.0
Counter({50.0: 35, 52.0: 27, 54.0: 26, 51.0: 25, 55.0: 23, 56.0: 21, 60.0: 19, 57.0: 18, 53.0: 16, 58.0: 13, 59.0: 12, 64.0: 11, 61.0: 10, 62.0: 10, 63.0: 9, 67.0: 9, 65.0: 8, 70.0: 8, 77.0: 8, 66.0: 8, 69.0: 6, 73.0: 6, 68.0: 6, 76.0: 5, 75.0: 5, 79.0: 5, 84.0: 4, 78.0: 3, 85.0: 3, 71.0: 3, 72.0: 3, 83.0: 3, 87.0: 3, 74.0: 2, 82.0: 2, 80.0: 2, 92.0: 2, 103.0: 2, 86.0: 2, 88.0: 1, 105.0: 1, 122.0: 1, 117.0: 1, 108.0: 1, 91.0: 1, 81.0: 1, 98.0: 1, 100.0: 1, 89.0: 1})
>> Cart Pole Balancing - GP: 
>> Fim da execucao (41043.03164577484 segundos)


>>>>>
less(neg(add(-10.0, sub(add(theta, theta_), add(sub(add(-2.0, -2.0), neg(neg(theta))), neg(theta))))), add(-2.0, add(add(neg(theta), neg(2.0)), -2.0)))
>>>>>

Average Score: 200.0
choice 1:0.5005  choice 0:0.4995
50
