[2017-08-19 22:52:46,796] Making new env: CartPole-v0
gp_pole6.py:154: RuntimeWarning: divide by zero encountered in double_scalars
  return left / right
gp_pole6.py:154: RuntimeWarning: invalid value encountered in double_scalars
  return left / right
<string>:1: RuntimeWarning: invalid value encountered in double_scalars
/root/anaconda3/lib/python3.6/site-packages/deap/creator.py:141: RuntimeWarning: A class named 'FitnessMax' has already been created and it will be overwritten. Consider deleting previous creation of that class or rename it.
  RuntimeWarning)
/root/anaconda3/lib/python3.6/site-packages/deap/creator.py:141: RuntimeWarning: A class named 'Individual' has already been created and it will be overwritten. Consider deleting previous creation of that class or rename it.
  RuntimeWarning)
<string>:1: RuntimeWarning: invalid value encountered in double_scalars
<string>:1: RuntimeWarning: invalid value encountered in double_scalars
<string>:1: RuntimeWarning: invalid value encountered in double_scalars
<string>:1: RuntimeWarning: invalid value encountered in double_scalars
Average accepted score: 61.97126436781609
Median score for accepted scores: 58.0
Counter({51.0: 29, 52.0: 28, 53.0: 22, 57.0: 18, 54.0: 18, 56.0: 17, 55.0: 16, 58.0: 16, 50.0: 15, 59.0: 14, 63.0: 13, 62.0: 11, 61.0: 11, 60.0: 10, 64.0: 9, 65.0: 8, 66.0: 7, 69.0: 6, 68.0: 6, 70.0: 6, 72.0: 6, 67.0: 6, 76.0: 5, 71.0: 4, 74.0: 4, 77.0: 4, 73.0: 4, 79.0: 4, 81.0: 3, 87.0: 3, 75.0: 2, 88.0: 2, 105.0: 2, 82.0: 2, 91.0: 2, 80.0: 2, 98.0: 1, 84.0: 1, 96.0: 1, 111.0: 1, 86.0: 1, 89.0: 1, 112.0: 1, 120.0: 1, 115.0: 1, 93.0: 1, 117.0: 1, 90.0: 1, 92.0: 1})
>> Cart Pole Balancing - GP: 
>> Fim da execucao (35778.02083659172 segundos)


>>>>>
move_to_right(less(add(add(add(add(theta, mul(sub(2.0, theta), -10.0)), theta_), theta_), theta_), mul(-2.0, 10.0)))
>>>>>

Average accepted score: 61.848
Median score for accepted scores: 58.0
Counter({53.0: 30, 52.0: 30, 54.0: 26, 50.0: 25, 55.0: 25, 60.0: 19, 58.0: 19, 57.0: 18, 65.0: 15, 59.0: 13, 62.0: 12, 51.0: 11, 56.0: 11, 63.0: 9, 66.0: 9, 73.0: 8, 68.0: 7, 61.0: 6, 72.0: 6, 70.0: 6, 69.0: 6, 67.0: 6, 64.0: 5, 76.0: 5, 83.0: 5, 74.0: 4, 71.0: 3, 92.0: 2, 90.0: 2, 100.0: 2, 84.0: 2, 91.0: 2, 95.0: 2, 78.0: 2, 93.0: 2, 82.0: 2, 85.0: 2, 77.0: 2, 75.0: 2, 79.0: 2, 87.0: 1, 80.0: 1, 96.0: 1, 81.0: 1, 89.0: 1, 114.0: 1, 88.0: 1, 104.0: 1, 118.0: 1, 105.0: 1})
>> Cart Pole Balancing - GP: 
>> Fim da execucao (39844.71599817276 segundos)


>>>>>
move_to_right(less(1.0, sub(neg(add(neg(add(10.0, -1.0)), neg(neg(theta_)))), neg(add(neg(p_div(x_, neg(-10.0))), mul(neg(add(neg(p_div(x_, neg(-10.0))), mul(add(theta, 10.0), sub(-1.0, mul(theta, p_div(sub(theta, mul(theta, p_div(theta_, -10.0))), -10.0)))))), sub(-1.0, mul(theta, p_div(sub(-1.0, mul(theta, p_div(theta, -10.0))), -10.0)))))))))
>>>>>

Average accepted score: 61.795755968169765
Median score for accepted scores: 58.0
Counter({50.0: 39, 53.0: 29, 51.0: 22, 52.0: 20, 57.0: 19, 54.0: 18, 55.0: 17, 61.0: 17, 56.0: 16, 58.0: 16, 60.0: 15, 62.0: 12, 59.0: 10, 63.0: 10, 70.0: 9, 64.0: 8, 71.0: 8, 77.0: 7, 65.0: 7, 74.0: 7, 73.0: 6, 67.0: 6, 69.0: 5, 79.0: 5, 66.0: 5, 85.0: 4, 86.0: 4, 87.0: 4, 101.0: 4, 72.0: 4, 78.0: 4, 80.0: 3, 68.0: 2, 94.0: 2, 111.0: 1, 98.0: 1, 89.0: 1, 95.0: 1, 76.0: 1, 84.0: 1, 103.0: 1, 75.0: 1, 92.0: 1, 81.0: 1, 121.0: 1, 83.0: 1, 93.0: 1})
>> Cart Pole Balancing - GP: 
>> Fim da execucao (37938.2193479538 segundos)


>>>>>
move_to_left(less(sub(theta_, sub(-10.0, neg(sub(x, theta_)))), sub(10.0, mul(theta, sub(sub(2.0, sub(-10.0, neg(sub(sub(x, theta_), theta_)))), 2.0)))))
>>>>>

Average accepted score: 62.247002398081534
Median score for accepted scores: 58.0
Counter({50.0: 32, 51.0: 29, 54.0: 29, 57.0: 25, 53.0: 24, 56.0: 24, 55.0: 22, 52.0: 21, 59.0: 14, 63.0: 12, 61.0: 12, 62.0: 11, 58.0: 11, 60.0: 11, 66.0: 10, 69.0: 10, 64.0: 10, 67.0: 10, 65.0: 9, 68.0: 8, 73.0: 7, 76.0: 6, 71.0: 6, 72.0: 5, 77.0: 5, 70.0: 4, 80.0: 4, 82.0: 4, 99.0: 3, 84.0: 3, 74.0: 3, 79.0: 3, 90.0: 3, 75.0: 3, 86.0: 2, 88.0: 2, 85.0: 2, 81.0: 2, 89.0: 2, 104.0: 2, 92.0: 1, 118.0: 1, 93.0: 1, 120.0: 1, 95.0: 1, 112.0: 1, 125.0: 1, 119.0: 1, 114.0: 1, 91.0: 1, 94.0: 1, 78.0: 1})
>> Cart Pole Balancing - GP: 
>> Fim da execucao (41248.67597055435 segundos)


>>>>>
less(2.0, p_div(sub(p_div(theta, mul(p_div(add(add(theta_, -10.0), add(neg(neg(-2.0)), theta)), neg(sub(neg(neg(neg(x))), -10.0))), mul(2.0, 2.0))), neg(neg(-2.0))), p_div(add(add(theta_, -10.0), add(mul(theta, 2.0), theta)), neg(sub(neg(neg(neg(x))), -10.0)))))
>>>>>

Average accepted score: 61.0487106017192
Median score for accepted scores: 57.0
Counter({51.0: 37, 52.0: 31, 57.0: 26, 53.0: 24, 54.0: 20, 56.0: 18, 55.0: 17, 50.0: 16, 62.0: 12, 60.0: 11, 66.0: 10, 59.0: 9, 61.0: 9, 58.0: 9, 64.0: 9, 69.0: 8, 68.0: 6, 72.0: 6, 67.0: 6, 71.0: 5, 77.0: 5, 63.0: 5, 65.0: 5, 78.0: 4, 73.0: 4, 74.0: 4, 70.0: 3, 75.0: 3, 92.0: 3, 99.0: 3, 89.0: 2, 91.0: 2, 79.0: 2, 84.0: 2, 83.0: 2, 80.0: 1, 101.0: 1, 87.0: 1, 85.0: 1, 86.0: 1, 94.0: 1, 103.0: 1, 127.0: 1, 76.0: 1, 115.0: 1, 100.0: 1})
>> Cart Pole Balancing - GP: 
>> Fim da execucao (33693.18216204643 segundos)


>>>>>
move_to_right(less(add(mul(2.0, theta_), neg(2.0)), neg(add(add(-2.0, x), sub(x, x_)))))
>>>>>

Average Score: 128.6
choice 1:0.5077760497667185  choice 0:0.49222395023328147
50
