[2017-08-23 07:51:05,287] Making new env: CartPole-v0
[2017-08-23 07:51:12,192] Making new env: CartPole-v0
[2017-08-23 07:51:17,461] Making new env: CartPole-v0
[2017-08-23 07:51:23,353] Making new env: CartPole-v0
[2017-08-23 07:52:08,833] Making new env: CartPole-v0
[2017-08-23 07:52:14,186] Making new env: CartPole-v0
gp_pole2.py:154: RuntimeWarning: divide by zero encountered in double_scalars
  return left / right
gp_pole2.py:154: RuntimeWarning: invalid value encountered in double_scalars
  return left / right
<string>:1: RuntimeWarning: invalid value encountered in double_scalars
[2017-08-23 16:21:02,374] You are calling 'step()' even though this environment has already returned done = True. You should always call 'reset()' once you receive 'done = True' -- any further steps are undefined behavior.
gp_pole.py:154: RuntimeWarning: divide by zero encountered in double_scalars
  return left / right
gp_pole.py:154: RuntimeWarning: invalid value encountered in double_scalars
  return left / right
<string>:1: RuntimeWarning: invalid value encountered in double_scalars
[2017-08-23 17:27:56,885] You are calling 'step()' even though this environment has already returned done = True. You should always call 'reset()' once you receive 'done = True' -- any further steps are undefined behavior.
gp_pole1.py:154: RuntimeWarning: divide by zero encountered in double_scalars
  return left / right
gp_pole1.py:154: RuntimeWarning: invalid value encountered in double_scalars
  return left / right
<string>:1: RuntimeWarning: invalid value encountered in double_scalars
/usr/local/lib/python3.5/site-packages/deap/creator.py:141: RuntimeWarning: A class named 'FitnessMax' has already been created and it will be overwritten. Consider deleting previous creation of that class or rename it.
  RuntimeWarning)
/usr/local/lib/python3.5/site-packages/deap/creator.py:141: RuntimeWarning: A class named 'Individual' has already been created and it will be overwritten. Consider deleting previous creation of that class or rename it.
  RuntimeWarning)
<string>:1: RuntimeWarning: invalid value encountered in double_scalars
<string>:1: RuntimeWarning: invalid value encountered in double_scalars
[2017-08-24 10:00:56,689] You are calling 'step()' even though this environment has already returned done = True. You should always call 'reset()' once you receive 'done = True' -- any further steps are undefined behavior.
gp_pole5.py:154: RuntimeWarning: divide by zero encountered in double_scalars
  return left / right
gp_pole5.py:154: RuntimeWarning: invalid value encountered in double_scalars
  return left / right
<string>:1: RuntimeWarning: invalid value encountered in double_scalars
/root/anaconda3/lib/python3.6/site-packages/deap/creator.py:141: RuntimeWarning: A class named 'FitnessMax' has already been created and it will be overwritten. Consider deleting previous creation of that class or rename it.
  RuntimeWarning)
/root/anaconda3/lib/python3.6/site-packages/deap/creator.py:141: RuntimeWarning: A class named 'Individual' has already been created and it will be overwritten. Consider deleting previous creation of that class or rename it.
  RuntimeWarning)
<string>:1: RuntimeWarning: invalid value encountered in double_scalars
<string>:1: RuntimeWarning: invalid value encountered in double_scalars
Average accepted score: 62.33862433862434
Median score for accepted scores: 58.0
Counter({50.0: 38, 51.0: 27, 52.0: 27, 54.0: 21, 56.0: 17, 57.0: 17, 58.0: 16, 59.0: 15, 61.0: 14, 55.0: 14, 53.0: 14, 62.0: 11, 67.0: 11, 60.0: 11, 63.0: 11, 65.0: 10, 64.0: 8, 81.0: 6, 68.0: 6, 70.0: 6, 66.0: 6, 69.0: 6, 72.0: 5, 85.0: 5, 87.0: 4, 73.0: 4, 84.0: 4, 80.0: 4, 71.0: 4, 82.0: 4, 78.0: 3, 74.0: 3, 79.0: 3, 75.0: 2, 77.0: 2, 110.0: 2, 95.0: 2, 104.0: 2, 103.0: 1, 90.0: 1, 128.0: 1, 92.0: 1, 83.0: 1, 99.0: 1, 91.0: 1, 101.0: 1, 76.0: 1, 147.0: 1, 96.0: 1, 88.0: 1, 89.0: 1})
>> Cart Pole Balancing - GP: 
>> Fim da execucao (37711.9712305069 segundos)


>>>>>
move_to_left(less(sub(add(neg(theta), p_div(-2.0, 2.0)), p_div(p_div(theta_, 2.0), 2.0)), p_div(1.0, 1.0)))
>>>>>

Average accepted score: 60.80913978494624
Median score for accepted scores: 57.0
Counter({50.0: 37, 51.0: 31, 53.0: 25, 54.0: 24, 56.0: 24, 57.0: 18, 52.0: 17, 59.0: 17, 55.0: 16, 60.0: 15, 61.0: 14, 62.0: 12, 64.0: 12, 58.0: 11, 65.0: 9, 73.0: 8, 63.0: 8, 67.0: 8, 69.0: 7, 80.0: 6, 72.0: 5, 66.0: 4, 75.0: 4, 70.0: 3, 68.0: 3, 74.0: 3, 79.0: 3, 98.0: 2, 76.0: 2, 112.0: 2, 71.0: 2, 88.0: 2, 85.0: 2, 78.0: 2, 77.0: 1, 113.0: 1, 101.0: 1, 87.0: 1, 126.0: 1, 81.0: 1, 83.0: 1, 91.0: 1, 116.0: 1, 89.0: 1, 84.0: 1, 93.0: 1, 94.0: 1, 108.0: 1})
>> Cart Pole Balancing - GP: 
>> Fim da execucao (36997.00415754318 segundos)


>>>>>
less(neg(sub(sub(p_div(theta_, sub(p_div(1.0, neg(mul(10.0, -1.0))), add(mul(-1.0, p_div(sub(p_div(theta, 10.0), neg(2.0)), p_div(theta_, p_div(x, p_div(10.0, 2.0))))), mul(2.0, 2.0)))), theta), sub(-1.0, 1.0))), 2.0)
>>>>>

Average accepted score: 61.60674157303371
Median score for accepted scores: 58.0
Counter({53.0: 33, 51.0: 32, 50.0: 24, 57.0: 23, 55.0: 20, 56.0: 19, 52.0: 18, 72.0: 14, 58.0: 13, 61.0: 12, 63.0: 12, 60.0: 11, 59.0: 9, 65.0: 9, 62.0: 8, 74.0: 7, 69.0: 7, 64.0: 7, 71.0: 6, 70.0: 6, 54.0: 6, 68.0: 6, 76.0: 5, 66.0: 5, 67.0: 4, 79.0: 4, 84.0: 3, 78.0: 3, 81.0: 3, 80.0: 3, 77.0: 3, 88.0: 3, 75.0: 2, 73.0: 2, 89.0: 2, 91.0: 2, 85.0: 1, 106.0: 1, 118.0: 1, 92.0: 1, 100.0: 1, 83.0: 1, 114.0: 1, 93.0: 1, 96.0: 1, 90.0: 1})
>> Cart Pole Balancing - GP: 
>> Fim da execucao (35903.84923386574 segundos)


>>>>>
greater(sub(mul(x, mul(sub(mul(theta, 2.0), mul(-2.0, mul(x, mul(sub(sub(2.0, -1.0), -2.0), theta)))), theta)), 1.0), sub(theta_, add(sub(mul(mul(-2.0, theta), 2.0), -1.0), sub(mul(theta, sub(theta, x)), sub(theta, x)))))
>>>>>

Average Score: 171.9
choice 1:0.4840023269342641  choice 0:0.5159976730657359
50
